<?xml version="1.0" encoding="UTF-8"?>
<!-- Generated by org.testng.reporters.JUnitXMLReporter -->
<testsuite ignored="0" hostname="LENOVO" failures="0" tests="1" name="Test" time="0.109" errors="0" timestamp="23 Sep 2020 06:56:42 GMT">
  <testcase classname="test.BaseTest" name="@BeforeSuite intialize" time="0.241">
    <failure type="java.lang.IllegalStateException" message="The driver executable does not exist: C:\Users\USER\eclipse-workspace\guru99final\src\driver3\chromedriver.exe">
      <![CDATA[java.lang.IllegalStateException: The driver executable does not exist: C:\Users\USER\eclipse-workspace\guru99final\src\driver3\chromedriver.exeat com.google.common.base.Preconditions.checkState(Preconditions.java:585)at org.openqa.selenium.remote.service.DriverService.checkExecutable(DriverService.java:136)at org.openqa.selenium.remote.service.DriverService.findExecutable(DriverService.java:131)at org.openqa.selenium.chrome.ChromeDriverService.access$000(ChromeDriverService.java:32)at org.openqa.selenium.chrome.ChromeDriverService$Builder.findDefaultExecutable(ChromeDriverService.java:137)at org.openqa.selenium.remote.service.DriverService$Builder.build(DriverService.java:339)at org.openqa.selenium.chrome.ChromeDriverService.createDefaultService(ChromeDriverService.java:88)at org.openqa.selenium.chrome.ChromeDriver.<init>(ChromeDriver.java:123)at test.BaseTest.intialize(BaseTest.java:16)... Removed 20 stack frames]]>
    </failure>
  </testcase> <!-- @BeforeSuite intialize -->
  <testcase classname="test.LoginTest" name="login" time="0.0">
    <skipped/>
  </testcase> <!-- login -->
</testsuite> <!-- Test -->
